<?xml version="1.0" encoding="UTF-8"?>
<testsuite xmlns:xsi="http://www.w3.org/2001/XMLSchema-instance" xsi:noNamespaceSchemaLocation="https://maven.apache.org/surefire/maven-surefire-plugin/xsd/surefire-test-report-3.0.xsd" version="3.0" name="com.parentChild.mapping.EntityMappingApplicationTests" time="5.442" tests="1" errors="0" skipped="0" failures="0">
  <properties>
[...]
</properties>
  <testcase name="contextLoads" classname="com.parentChild.mapping.EntityMappingApplicationTests" time="0.491">
    <system-out><![CDATA[17:00:19.423 [main] INFO org.springframework.test.context.support.AnnotationConfigContextLoaderUtils -- Could not detect default configuration classes for test class [com.parentChild.mapping.EntityMappingApplicationTests]: EntityMappingApplicationTests does not declare any static, non-private, non-final, nested classes annotated with @Configuration.
17:00:19.513 [main] INFO org.springframework.boot.test.context.SpringBootTestContextBootstrapper -- Found @SpringBootConfiguration com.parentChild.mapping.EntityMappingApplication for test class com.parentChild.mapping.EntityMappingApplicationTests
17:00:19.654 [main] INFO org.springframework.boot.devtools.restart.RestartApplicationListener -- Restart disabled due to context in which it is running

  .   ____          _            __ _ _
 /\\ / ___'_ __ _ _(_)_ __  __ _ \ \ \ \
( ( )\___ | '_ | '_| | '_ \/ _` | \ \ \ \
 \\/  ___)| |_)| | | | | || (_| |  ) ) ) )
  '  |____| .__|_| |_|_| |_\__, | / / / /
 =========|_|==============|___/=/_/_/_/
 :: Spring Boot ::      (v3.1.11-SNAPSHOT)

2024-04-15T17:00:19.894+05:30  INFO 15856 --- [           main] c.p.m.EntityMappingApplicationTests      : Starting EntityMappingApplicationTests using Java 21.0.2 with PID 15856 (started by jaisw in C:\Users\jaisw\java-project\EntityMapping)
2024-04-15T17:00:19.896+05:30  INFO 15856 --- [           main] c.p.m.EntityMappingApplicationTests      : No active profile set, falling back to 1 default profile: "default"
2024-04-15T17:00:20.570+05:30  INFO 15856 --- [           main] .s.d.r.c.RepositoryConfigurationDelegate : Bootstrapping Spring Data JPA repositories in DEFAULT mode.
2024-04-15T17:00:20.638+05:30  INFO 15856 --- [           main] .s.d.r.c.RepositoryConfigurationDelegate : Finished Spring Data repository scanning in 59 ms. Found 3 JPA repository interfaces.
2024-04-15T17:00:21.133+05:30  INFO 15856 --- [           main] o.hibernate.jpa.internal.util.LogHelper  : HHH000204: Processing PersistenceUnitInfo [name: default]
2024-04-15T17:00:21.231+05:30  INFO 15856 --- [           main] org.hibernate.Version                    : HHH000412: Hibernate ORM core version 6.2.24.Final
2024-04-15T17:00:21.233+05:30  INFO 15856 --- [           main] org.hibernate.cfg.Environment            : HHH000406: Using bytecode reflection optimizer
2024-04-15T17:00:21.585+05:30  INFO 15856 --- [           main] o.s.o.j.p.SpringPersistenceUnitInfo      : No LoadTimeWeaver setup: ignoring JPA class transformer
2024-04-15T17:00:21.617+05:30  INFO 15856 --- [           main] com.zaxxer.hikari.HikariDataSource       : HikariPool-1 - Starting...
2024-04-15T17:00:21.621+05:30  WARN 15856 --- [           main] c.zaxxer.hikari.util.DriverDataSource    : Registered driver with driverClassName=com.mysql.jdbc.Driver was not found, trying direct instantiation.
2024-04-15T17:00:22.088+05:30  INFO 15856 --- [           main] com.zaxxer.hikari.pool.HikariPool        : HikariPool-1 - Added connection com.mysql.cj.jdbc.ConnectionImpl@655621fd
2024-04-15T17:00:22.090+05:30  INFO 15856 --- [           main] com.zaxxer.hikari.HikariDataSource       : HikariPool-1 - Start completed.
2024-04-15T17:00:23.119+05:30  INFO 15856 --- [           main] o.h.e.t.j.p.i.JtaPlatformInitiator       : HHH000489: No JTA platform available (set 'hibernate.transaction.jta.platform' to enable JTA platform integration)
2024-04-15T17:00:23.232+05:30  INFO 15856 --- [           main] j.LocalContainerEntityManagerFactoryBean : Initialized JPA EntityManagerFactory for persistence unit 'default'
2024-04-15T17:00:23.622+05:30  WARN 15856 --- [           main] JpaBaseConfiguration$JpaWebConfiguration : spring.jpa.open-in-view is enabled by default. Therefore, database queries may be performed during view rendering. Explicitly configure spring.jpa.open-in-view to disable this warning
2024-04-15T17:00:23.901+05:30  INFO 15856 --- [           main] o.s.s.web.DefaultSecurityFilterChain     : Will secure any request with [org.springframework.security.web.session.DisableEncodeUrlFilter@73158d35, org.springframework.security.web.context.request.async.WebAsyncManagerIntegrationFilter@55a29589, org.springframework.security.web.context.SecurityContextHolderFilter@28ffa527, org.springframework.security.web.header.HeaderWriterFilter@726dd367, org.springframework.security.web.authentication.logout.LogoutFilter@75d61b62, com.parentChild.mapping.security.jwt.JwtAuthenticationFilter@5dc1597f, org.springframework.security.web.savedrequest.RequestCacheAwareFilter@463746eb, org.springframework.security.web.servletapi.SecurityContextHolderAwareRequestFilter@3e729d46, org.springframework.security.web.authentication.AnonymousAuthenticationFilter@6d5fea64, org.springframework.security.web.session.SessionManagementFilter@3305897c, org.springframework.security.web.access.ExceptionTranslationFilter@5e1bfe66, org.springframework.security.web.access.intercept.AuthorizationFilter@5cef5fc9]
2024-04-15T17:00:24.199+05:30  INFO 15856 --- [           main] c.p.m.EntityMappingApplicationTests      : Started EntityMappingApplicationTests in 4.556 seconds (process running for 5.424)
]]></system-out>
    <system-err><![CDATA[Loading class `com.mysql.jdbc.Driver'. This is deprecated. The new driver class is `com.mysql.cj.jdbc.Driver'. The driver is automatically registered via the SPI and manual loading of the driver class is generally unnecessary.
WARNING: A Java agent has been loaded dynamically (C:\Users\jaisw\.m2\repository\net\bytebuddy\byte-buddy-agent\1.14.13\byte-buddy-agent-1.14.13.jar)
WARNING: If a serviceability tool is in use, please run with -XX:+EnableDynamicAgentLoading to hide this warning
WARNING: If a serviceability tool is not in use, please run with -Djdk.instrument.traceUsage for more information
WARNING: Dynamic loading of agents will be disallowed by default in a future release
]]></system-err>
  </testcase>
</testsuite>